Build started 9/28/2014 5:27:09 PM.
     1>Project "c:\Users\toooooooo\documents\visual studio 2010\Projects\chx\chx\chx.vcxproj" on node 2 (build target(s)).
     1>InitializeBuildStatus:
         Creating "Debug\chx.unsuccessfulbuild" because "AlwaysCreate" was specified.
       ClCompile:
         C:\Program Files (x86)\Microsoft Visual Studio 10.0\VC\bin\CL.exe /c /ZI /nologo /W3 /WX- /Od /Oy- /D _MBCS /Gm /EHsc /RTC1 /MDd /GS /fp:precise /Zc:wchar_t /Zc:forScope /Fo"Debug\\" /Fd"Debug\vc100.pdb" /Gd /TP /analyze- /errorReport:prompt mkkk.cpp
         mkkk.cpp
     1>c:\users\toooooooo\documents\visual studio 2010\projects\chx\chx\mkkk.cpp(310): warning C4244: '=' : conversion from 'int' to 'float', possible loss of data
     1>c:\users\toooooooo\documents\visual studio 2010\projects\chx\chx\mkkk.cpp(421): warning C4244: '=' : conversion from 'float' to 'int', possible loss of data
     1>c:\users\toooooooo\documents\visual studio 2010\projects\chx\chx\mkkk.cpp(422): warning C4244: '=' : conversion from 'float' to 'int', possible loss of data
     1>c:\users\toooooooo\documents\visual studio 2010\projects\chx\chx\mkkk.cpp(426): warning C4244: '=' : conversion from 'int' to 'float', possible loss of data
     1>c:\users\toooooooo\documents\visual studio 2010\projects\chx\chx\mkkk.cpp(456): warning C4244: '=' : conversion from 'float' to 'int', possible loss of data
     1>c:\users\toooooooo\documents\visual studio 2010\projects\chx\chx\mkkk.cpp(459): warning C4244: 'argument' : conversion from 'int' to 'float', possible loss of data
     1>c:\users\toooooooo\documents\visual studio 2010\projects\chx\chx\mkkk.cpp(166): warning C4715: 'convert' : not all control paths return a value
       Link:
         C:\Program Files (x86)\Microsoft Visual Studio 10.0\VC\bin\link.exe /ERRORREPORT:PROMPT /OUT:"c:\users\toooooooo\documents\visual studio 2010\Projects\chx\Debug\chx.exe" /NOLOGO kernel32.lib user32.lib gdi32.lib winspool.lib comdlg32.lib advapi32.lib shell32.lib ole32.lib oleaut32.lib uuid.lib odbc32.lib odbccp32.lib /MANIFEST /ManifestFile:"Debug\chx.exe.intermediate.manifest" /MANIFESTUAC:"level='asInvoker' uiAccess='false'" /DEBUG /PDB:"c:\users\toooooooo\documents\visual studio 2010\Projects\chx\Debug\chx.pdb" /TLBID:1 /DYNAMICBASE /NXCOMPAT /IMPLIB:"c:\users\toooooooo\documents\visual studio 2010\Projects\chx\Debug\chx.lib" /MACHINE:X86 Debug\mkkk.obj
         LINK : c:\users\toooooooo\documents\visual studio 2010\Projects\chx\Debug\chx.exe not found or not built by the last incremental link; performing full link
         chx.vcxproj -> c:\users\toooooooo\documents\visual studio 2010\Projects\chx\Debug\chx.exe
       Manifest:
         C:\Program Files (x86)\Microsoft SDKs\Windows\v7.0A\bin\mt.exe /nologo /verbose /outputresource:"c:\users\toooooooo\documents\visual studio 2010\Projects\chx\Debug\chx.exe;#1" /manifest Debug\chx.exe.intermediate.manifest
       FinalizeBuildStatus:
         Deleting file "Debug\chx.unsuccessfulbuild".
         Touching "Debug\chx.lastbuildstate".
     1>Done Building Project "c:\Users\toooooooo\documents\visual studio 2010\Projects\chx\chx\chx.vcxproj" (build target(s)).

Build succeeded.

Time Elapsed 00:00:01.57
