Build started 3/25/2015 9:11:42 PM.
     1>Project "c:\Users\toooooooo\documents\visual studio 2010\Projects\kakk\kakk\kakk.vcxproj" on node 2 (build target(s)).
     1>InitializeBuildStatus:
         Creating "Debug\kakk.unsuccessfulbuild" because "AlwaysCreate" was specified.
       ClCompile:
         C:\Program Files (x86)\Microsoft Visual Studio 10.0\VC\bin\CL.exe /c /ZI /nologo /W3 /WX- /Od /Oy- /D _MBCS /Gm /EHsc /RTC1 /MDd /GS /fp:precise /Zc:wchar_t /Zc:forScope /Fo"Debug\\" /Fd"Debug\vc100.pdb" /Gd /TP /analyze- /errorReport:prompt lmp.cpp
         lmp.cpp
     1>c:\users\toooooooo\documents\visual studio 2010\projects\kakk\kakk\lmp.cpp(71): warning C4101: 'temp1' : unreferenced local variable
     1>c:\users\toooooooo\documents\visual studio 2010\projects\kakk\kakk\lmp.cpp(283): warning C4996: 'getch': The POSIX name for this item is deprecated. Instead, use the ISO C++ conformant name: _getch. See online help for details.
                 c:\program files (x86)\microsoft visual studio 10.0\vc\include\conio.h(128) : see declaration of 'getch'
       Link:
         C:\Program Files (x86)\Microsoft Visual Studio 10.0\VC\bin\link.exe /ERRORREPORT:PROMPT /OUT:"c:\users\toooooooo\documents\visual studio 2010\Projects\kakk\Debug\kakk.exe" /NOLOGO kernel32.lib user32.lib gdi32.lib winspool.lib comdlg32.lib advapi32.lib shell32.lib ole32.lib oleaut32.lib uuid.lib odbc32.lib odbccp32.lib /MANIFEST /ManifestFile:"Debug\kakk.exe.intermediate.manifest" /MANIFESTUAC:"level='asInvoker' uiAccess='false'" /DEBUG /PDB:"c:\users\toooooooo\documents\visual studio 2010\Projects\kakk\Debug\kakk.pdb" /TLBID:1 /DYNAMICBASE /NXCOMPAT /IMPLIB:"c:\users\toooooooo\documents\visual studio 2010\Projects\kakk\Debug\kakk.lib" /MACHINE:X86 Debug\lmp.obj
         LINK : c:\users\toooooooo\documents\visual studio 2010\Projects\kakk\Debug\kakk.exe not found or not built by the last incremental link; performing full link
         kakk.vcxproj -> c:\users\toooooooo\documents\visual studio 2010\Projects\kakk\Debug\kakk.exe
       Manifest:
         C:\Program Files (x86)\Microsoft SDKs\Windows\v7.0A\bin\mt.exe /nologo /verbose /outputresource:"c:\users\toooooooo\documents\visual studio 2010\Projects\kakk\Debug\kakk.exe;#1" /manifest Debug\kakk.exe.intermediate.manifest
       FinalizeBuildStatus:
         Deleting file "Debug\kakk.unsuccessfulbuild".
         Touching "Debug\kakk.lastbuildstate".
     1>Done Building Project "c:\Users\toooooooo\documents\visual studio 2010\Projects\kakk\kakk\kakk.vcxproj" (build target(s)).

Build succeeded.

Time Elapsed 00:00:01.08
