Build started 3/30/2015 12:32:14 AM.
     1>Project "c:\Users\toooooooo\documents\visual studio 2010\Projects\mmm\mmm\mmm.vcxproj" on node 2 (build target(s)).
     1>PrepareForBuild:
         Creating directory "c:\users\toooooooo\documents\visual studio 2010\Projects\mmm\Debug\".
       InitializeBuildStatus:
         Creating "Debug\mmm.unsuccessfulbuild" because "AlwaysCreate" was specified.
       ClCompile:
         C:\Program Files (x86)\Microsoft Visual Studio 10.0\VC\bin\CL.exe /c /ZI /nologo /W3 /WX- /Od /Oy- /D _MBCS /Gm /EHsc /RTC1 /MDd /GS /fp:precise /Zc:wchar_t /Zc:forScope /Fo"Debug\\" /Fd"Debug\vc100.pdb" /Gd /TP /analyze- /errorReport:prompt "p,,.cpp"
         p,,.cpp
       Link:
         C:\Program Files (x86)\Microsoft Visual Studio 10.0\VC\bin\link.exe /ERRORREPORT:PROMPT /OUT:"c:\users\toooooooo\documents\visual studio 2010\Projects\mmm\Debug\mmm.exe" /NOLOGO kernel32.lib user32.lib gdi32.lib winspool.lib comdlg32.lib advapi32.lib shell32.lib ole32.lib oleaut32.lib uuid.lib odbc32.lib odbccp32.lib /MANIFEST /ManifestFile:"Debug\mmm.exe.intermediate.manifest" /MANIFESTUAC:"level='asInvoker' uiAccess='false'" /DEBUG /PDB:"c:\users\toooooooo\documents\visual studio 2010\Projects\mmm\Debug\mmm.pdb" /TLBID:1 /DYNAMICBASE /NXCOMPAT /IMPLIB:"c:\users\toooooooo\documents\visual studio 2010\Projects\mmm\Debug\mmm.lib" /MACHINE:X86 "Debug\p,,.obj"
         mmm.vcxproj -> c:\users\toooooooo\documents\visual studio 2010\Projects\mmm\Debug\mmm.exe
       Manifest:
         C:\Program Files (x86)\Microsoft SDKs\Windows\v7.0A\bin\mt.exe /nologo /verbose /outputresource:"c:\users\toooooooo\documents\visual studio 2010\Projects\mmm\Debug\mmm.exe;#1" /manifest Debug\mmm.exe.intermediate.manifest
       FinalizeBuildStatus:
         Deleting file "Debug\mmm.unsuccessfulbuild".
         Touching "Debug\mmm.lastbuildstate".
     1>Done Building Project "c:\Users\toooooooo\documents\visual studio 2010\Projects\mmm\mmm\mmm.vcxproj" (build target(s)).

Build succeeded.

Time Elapsed 00:00:01.24
