Build started 3/30/2015 1:30:33 AM.
     1>Project "c:\Users\toooooooo\documents\visual studio 2010\Projects\NBJ\NBJ\NBJ.vcxproj" on node 2 (build target(s)).
     1>PrepareForBuild:
         Creating directory "c:\users\toooooooo\documents\visual studio 2010\Projects\NBJ\Debug\".
       InitializeBuildStatus:
         Creating "Debug\NBJ.unsuccessfulbuild" because "AlwaysCreate" was specified.
       ClCompile:
         C:\Program Files (x86)\Microsoft Visual Studio 10.0\VC\bin\CL.exe /c /ZI /nologo /W3 /WX- /Od /Oy- /D _MBCS /Gm /EHsc /RTC1 /MDd /GS /fp:precise /Zc:wchar_t /Zc:forScope /Fo"Debug\\" /Fd"Debug\vc100.pdb" /Gd /TP /analyze- /errorReport:prompt NNJNK.cpp
         NNJNK.cpp
     1>c:\users\toooooooo\documents\visual studio 2010\projects\nbj\nbj\nnjnk.cpp(241): warning C4996: 'getch': The POSIX name for this item is deprecated. Instead, use the ISO C++ conformant name: _getch. See online help for details.
                 c:\program files (x86)\microsoft visual studio 10.0\vc\include\conio.h(128) : see declaration of 'getch'
       Link:
         C:\Program Files (x86)\Microsoft Visual Studio 10.0\VC\bin\link.exe /ERRORREPORT:PROMPT /OUT:"c:\users\toooooooo\documents\visual studio 2010\Projects\NBJ\Debug\NBJ.exe" /NOLOGO kernel32.lib user32.lib gdi32.lib winspool.lib comdlg32.lib advapi32.lib shell32.lib ole32.lib oleaut32.lib uuid.lib odbc32.lib odbccp32.lib /MANIFEST /ManifestFile:"Debug\NBJ.exe.intermediate.manifest" /MANIFESTUAC:"level='asInvoker' uiAccess='false'" /DEBUG /PDB:"c:\users\toooooooo\documents\visual studio 2010\Projects\NBJ\Debug\NBJ.pdb" /TLBID:1 /DYNAMICBASE /NXCOMPAT /IMPLIB:"c:\users\toooooooo\documents\visual studio 2010\Projects\NBJ\Debug\NBJ.lib" /MACHINE:X86 Debug\NNJNK.obj
         NBJ.vcxproj -> c:\users\toooooooo\documents\visual studio 2010\Projects\NBJ\Debug\NBJ.exe
       Manifest:
         C:\Program Files (x86)\Microsoft SDKs\Windows\v7.0A\bin\mt.exe /nologo /verbose /outputresource:"c:\users\toooooooo\documents\visual studio 2010\Projects\NBJ\Debug\NBJ.exe;#1" /manifest Debug\NBJ.exe.intermediate.manifest
       FinalizeBuildStatus:
         Deleting file "Debug\NBJ.unsuccessfulbuild".
         Touching "Debug\NBJ.lastbuildstate".
     1>Done Building Project "c:\Users\toooooooo\documents\visual studio 2010\Projects\NBJ\NBJ\NBJ.vcxproj" (build target(s)).

Build succeeded.

Time Elapsed 00:00:01.65
