Build started 3/30/2015 12:50:24 AM.
     1>Project "c:\Users\toooooooo\documents\visual studio 2010\Projects\kkkk\kkkk\kkkk.vcxproj" on node 2 (build target(s)).
     1>PrepareForBuild:
         Creating directory "c:\users\toooooooo\documents\visual studio 2010\Projects\kkkk\Debug\".
       InitializeBuildStatus:
         Creating "Debug\kkkk.unsuccessfulbuild" because "AlwaysCreate" was specified.
       ClCompile:
         C:\Program Files (x86)\Microsoft Visual Studio 10.0\VC\bin\CL.exe /c /ZI /nologo /W3 /WX- /Od /Oy- /D _MBCS /Gm /EHsc /RTC1 /MDd /GS /fp:precise /Zc:wchar_t /Zc:forScope /Fo"Debug\\" /Fd"Debug\vc100.pdb" /Gd /TP /analyze- /errorReport:prompt "l,pkjn.cpp"
         l,pkjn.cpp
       Link:
         C:\Program Files (x86)\Microsoft Visual Studio 10.0\VC\bin\link.exe /ERRORREPORT:PROMPT /OUT:"c:\users\toooooooo\documents\visual studio 2010\Projects\kkkk\Debug\kkkk.exe" /NOLOGO kernel32.lib user32.lib gdi32.lib winspool.lib comdlg32.lib advapi32.lib shell32.lib ole32.lib oleaut32.lib uuid.lib odbc32.lib odbccp32.lib /MANIFEST /ManifestFile:"Debug\kkkk.exe.intermediate.manifest" /MANIFESTUAC:"level='asInvoker' uiAccess='false'" /DEBUG /PDB:"c:\users\toooooooo\documents\visual studio 2010\Projects\kkkk\Debug\kkkk.pdb" /TLBID:1 /DYNAMICBASE /NXCOMPAT /IMPLIB:"c:\users\toooooooo\documents\visual studio 2010\Projects\kkkk\Debug\kkkk.lib" /MACHINE:X86 "Debug\l,pkjn.obj"
         kkkk.vcxproj -> c:\users\toooooooo\documents\visual studio 2010\Projects\kkkk\Debug\kkkk.exe
       Manifest:
         C:\Program Files (x86)\Microsoft SDKs\Windows\v7.0A\bin\mt.exe /nologo /verbose /outputresource:"c:\users\toooooooo\documents\visual studio 2010\Projects\kkkk\Debug\kkkk.exe;#1" /manifest Debug\kkkk.exe.intermediate.manifest
       FinalizeBuildStatus:
         Deleting file "Debug\kkkk.unsuccessfulbuild".
         Touching "Debug\kkkk.lastbuildstate".
     1>Done Building Project "c:\Users\toooooooo\documents\visual studio 2010\Projects\kkkk\kkkk\kkkk.vcxproj" (build target(s)).

Build succeeded.

Time Elapsed 00:00:01.72
